<?xml version="1.0" encoding="UTF-8"?>
<!-- Generated by org.testng.reporters.JUnitReportReporter -->
<testsuite hostname="DESKTOP-OR6VU5V" name="com.LearnFrameWork.Pages.BaseClass" tests="1" failures="0" timestamp="12 Aug 2020 19:48:59 GMT" time="19.007" errors="0">
  <testcase name="BrowserTest" time="19.007" classname="com.LearnFrameWork.Pages.BaseClass"/>
</testsuite> <!-- com.LearnFrameWork.Pages.BaseClass -->
